# JRE version: OpenJDK Runtime Environment Temurin-17.0.9+9 (17.0.9+9) (build 17.0.9+9)
# Java VM: OpenJDK 64-Bit Server VM Temurin-17.0.9+9 (17.0.9+9, mixed mode, emulated-client, tiered, compressed oops, compressed class ptrs, g1 gc, windows-amd64)
GC Precious Log:
 CPUs: 4 total, 4 available
 Memory: 7835M
 Large Page Support: Disabled
 NUMA Support: Disabled
 Compressed Oops: Enabled (32-bit)
 Heap Region Size: 1M
 Heap Min Capacity: 8M
 Heap Initial Capacity: 124M
 Heap Max Capacity: 1960M
 Pre-touch: Disabled
 Parallel Workers: 4
 Concurrent Workers: 1
 Concurrent Refinement Workers: 4
 Periodic GC: Disabled
Heap:
 garbage-first heap   total 61440K, used 28469K [0x0000000085800000, 0x0000000100000000)
  region size 1024K, 2 young (2048K), 2 survivors (2048K)
 Metaspace       used 46140K, committed 46592K, reserved 1114112K
  class space    used 5943K, committed 6144K, reserved 1048576K
GC Heap History (20 events):
Event: 3.561 GC heap after
{Heap after GC invocations=6 (full 0):
 garbage-first heap   total 51200K, used 13902K [0x0000000085800000, 0x0000000100000000)
  region size 1024K, 3 young (3072K), 3 survivors (3072K)
 Metaspace       used 26946K, committed 27328K, reserved 1114112K
  class space    used 3204K, committed 3392K, reserved 1048576K
}
Event: 3.576 GC heap before
{Heap before GC invocations=6 (full 0):
 garbage-first heap   total 51200K, used 14926K [0x0000000085800000, 0x0000000100000000)
  region size 1024K, 4 young (4096K), 3 survivors (3072K)
 Metaspace       used 27122K, committed 27456K, reserved 1114112K
  class space    used 3238K, committed 3392K, reserved 1048576K
}
Event: 3.583 GC heap after
{Heap after GC invocations=7 (full 0):
 garbage-first heap   total 61440K, used 13945K [0x0000000085800000, 0x0000000100000000)
  region size 1024K, 1 young (1024K), 1 survivors (1024K)
 Metaspace       used 27122K, committed 27456K, reserved 1114112K
  class space    used 3238K, committed 3392K, reserved 1048576K
}
Event: 4.217 GC heap before
{Heap before GC invocations=7 (full 0):
 garbage-first heap   total 61440K, used 42617K [0x0000000085800000, 0x0000000100000000)
  region size 1024K, 29 young (29696K), 1 survivors (1024K)
 Metaspace       used 29718K, committed 30016K, reserved 1114112K
  class space    used 3554K, committed 3712K, reserved 1048576K
}
Event: 4.221 GC heap after
{Heap after GC invocations=8 (full 0):
 garbage-first heap   total 61440K, used 16724K [0x0000000085800000, 0x0000000100000000)
  region size 1024K, 4 young (4096K), 4 survivors (4096K)
 Metaspace       used 29718K, committed 30016K, reserved 1114112K
  class space    used 3554K, committed 3712K, reserved 1048576K
}
Event: 4.995 GC heap before
{Heap before GC invocations=8 (full 0):
 garbage-first heap   total 61440K, used 42324K [0x0000000085800000, 0x0000000100000000)
  region size 1024K, 30 young (30720K), 4 survivors (4096K)
 Metaspace       used 31949K, committed 32192K, reserved 1114112K
  class space    used 3847K, committed 3968K, reserved 1048576K
}
Event: 5.001 GC heap after
{Heap after GC invocations=9 (full 0):
 garbage-first heap   total 61440K, used 18103K [0x0000000085800000, 0x0000000100000000)
  region size 1024K, 2 young (2048K), 2 survivors (2048K)
 Metaspace       used 31949K, committed 32192K, reserved 1114112K
  class space    used 3847K, committed 3968K, reserved 1048576K
}
Event: 5.727 GC heap before
{Heap before GC invocations=9 (full 0):
 garbage-first heap   total 61440K, used 44727K [0x0000000085800000, 0x0000000100000000)
  region size 1024K, 28 young (28672K), 2 survivors (2048K)
 Metaspace       used 35022K, committed 35392K, reserved 1114112K
  class space    used 4423K, committed 4608K, reserved 1048576K
}
Event: 5.731 GC heap after
{Heap after GC invocations=10 (full 0):
 garbage-first heap   total 61440K, used 19528K [0x0000000085800000, 0x0000000100000000)
  region size 1024K, 4 young (4096K), 4 survivors (4096K)
 Metaspace       used 35022K, committed 35392K, reserved 1114112K
  class space    used 4423K, committed 4608K, reserved 1048576K
}
Event: 5.859 GC heap before
{Heap before GC invocations=10 (full 0):
 garbage-first heap   total 61440K, used 24648K [0x0000000085800000, 0x0000000100000000)
  region size 1024K, 10 young (10240K), 4 survivors (4096K)
 Metaspace       used 35932K, committed 36288K, reserved 1114112K
  class space    used 4555K, committed 4736K, reserved 1048576K
}
Event: 5.863 GC heap after
{Heap after GC invocations=11 (full 0):
 garbage-first heap   total 61440K, used 20012K [0x0000000085800000, 0x0000000100000000)
  region size 1024K, 2 young (2048K), 2 survivors (2048K)
 Metaspace       used 35932K, committed 36288K, reserved 1114112K
  class space    used 4555K, committed 4736K, reserved 1048576K
}
Event: 6.756 GC heap before
{Heap before GC invocations=12 (full 0):
 garbage-first heap   total 61440K, used 45612K [0x0000000085800000, 0x0000000100000000)
  region size 1024K, 27 young (27648K), 2 survivors (2048K)
 Metaspace       used 39495K, committed 39936K, reserved 1114112K
  class space    used 5094K, committed 5312K, reserved 1048576K
}
Event: 6.763 GC heap after
{Heap after GC invocations=13 (full 0):
 garbage-first heap   total 61440K, used 22377K [0x0000000085800000, 0x0000000100000000)
  region size 1024K, 4 young (4096K), 4 survivors (4096K)
 Metaspace       used 39495K, committed 39936K, reserved 1114112K
  class space    used 5094K, committed 5312K, reserved 1048576K
}
Event: 7.191 GC heap before
{Heap before GC invocations=13 (full 0):
 garbage-first heap   total 61440K, used 52073K [0x0000000085800000, 0x0000000100000000)
  region size 1024K, 28 young (28672K), 4 survivors (4096K)
 Metaspace       used 40749K, committed 41152K, reserved 1114112K
  class space    used 5221K, committed 5440K, reserved 1048576K
}
Event: 7.203 GC heap after
{Heap after GC invocations=14 (full 0):
 garbage-first heap   total 61440K, used 26864K [0x0000000085800000, 0x0000000100000000)
  region size 1024K, 4 young (4096K), 4 survivors (4096K)
 Metaspace       used 40749K, committed 41152K, reserved 1114112K
  class space    used 5221K, committed 5440K, reserved 1048576K
}
Event: 7.640 GC heap before
{Heap before GC invocations=14 (full 0):
 garbage-first heap   total 61440K, used 47344K [0x0000000085800000, 0x0000000100000000)
  region size 1024K, 22 young (22528K), 4 survivors (4096K)
 Metaspace       used 42661K, committed 43136K, reserved 1114112K
  class space    used 5443K, committed 5696K, reserved 1048576K
}
Event: 7.644 GC heap after
{Heap after GC invocations=15 (full 0):
 garbage-first heap   total 61440K, used 29272K [0x0000000085800000, 0x0000000100000000)
  region size 1024K, 2 young (2048K), 2 survivors (2048K)
 Metaspace       used 42661K, committed 43136K, reserved 1114112K
  class space    used 5443K, committed 5696K, reserved 1048576K
}
Event: 7.773 GC heap before
{Heap before GC invocations=15 (full 0):
 garbage-first heap   total 61440K, used 46680K [0x0000000085800000, 0x0000000100000000)
  region size 1024K, 19 young (19456K), 2 survivors (2048K)
 Metaspace       used 42820K, committed 43328K, reserved 1114112K
  class space    used 5463K, committed 5696K, reserved 1048576K
}
Event: 7.776 GC heap after
{Heap after GC invocations=16 (full 0):
 garbage-first heap   total 61440K, used 27352K [0x0000000085800000, 0x0000000100000000)
  region size 1024K, 1 young (1024K), 1 survivors (1024K)
 Metaspace       used 42820K, committed 43328K, reserved 1114112K
  class space    used 5463K, committed 5696K, reserved 1048576K
}
Event: 8.426 GC heap before
{Heap before GC invocations=16 (full 0):
 garbage-first heap   total 61440K, used 45784K [0x0000000085800000, 0x0000000100000000)
  region size 1024K, 20 young (20480K), 1 survivors (1024K)
 Metaspace       used 46140K, committed 46592K, reserved 1114112K
  class space    used 5943K, committed 6144K, reserved 1048576K
}

